<?xml version="1.0" encoding="UTF-8"?>
<!-- Generated by org.testng.reporters.JUnitReportReporter -->
<testsuite hostname="DELL" failures="0" tests="1" name="mmt.makeMyTrip.homePage" time="7.497" errors="0" timestamp="2020-04-02T22:14:58 IST" skipped="0">
  <testcase classname="mmt.makeMyTrip.homePage" name="navigateHomePage" time="7.497"/>
  <system-out/>
</testsuite> <!-- mmt.makeMyTrip.homePage -->
